$ storybook build
@storybook/core v8.6.14

info => Cleaning outputDir: storybook-static
info => Loading presets
info => Building manager..
info => Manager built ([38;2;181;126;229m203 ms[39m)
info => Building preview..
WARN No story files found for the specified pattern: ../packages/ui/src/**/*.stories.@(js|jsx|ts|tsx)
WARN No story files found for the specified pattern: stories/**/*.stories.@(js|jsx|ts|tsx|mdx)
vite v6.3.5 building for production...
transforming...
✓ 106 modules transformed.
../../node_modules/@storybook/core/dist/preview/runtime.js (3683:15): Use of eval in "../../node_modules/@storybook/core/dist/preview/runtime.js" is strongly discouraged as it poses security risks and may cause issues with minification.
../../node_modules/@storybook/core/dist/preview/runtime.js (3685:16): Use of eval in "../../node_modules/@storybook/core/dist/preview/runtime.js" is strongly discouraged as it poses security risks and may cause issues with minification.
rendering chunks...
computing gzip size...
storybook-static/iframe.html                                17.82 kB │ gzip:   5.03 kB
storybook-static/assets/preview-CIRcjyVj.js                  0.11 kB │ gzip:   0.11 kB
storybook-static/assets/_commonjsHelpers-CqkleIqs.js         0.12 kB │ gzip:   0.13 kB
storybook-static/assets/preview-CvbIS5ZJ.js                  0.18 kB │ gzip:   0.16 kB
storybook-static/assets/index-3lSaTjIr.js                    0.46 kB │ gzip:   0.30 kB
storybook-static/assets/chunk-XP5HYGXS-BpfKkqn7.js           0.71 kB │ gzip:   0.40 kB
storybook-static/assets/preview-DGUiP6tS.js                  0.71 kB │ gzip:   0.50 kB
storybook-static/assets/index-DrFu-skq.js                    0.77 kB │ gzip:   0.47 kB
storybook-static/assets/preview-CzqMd_c7.js                  0.87 kB │ gzip:   0.56 kB
storybook-static/assets/test-utils-Ce1k3Tl0.js               1.16 kB │ gzip:   0.72 kB
storybook-static/assets/preview-CDf2Pfzv.js                  2.22 kB │ gzip:   1.21 kB
storybook-static/assets/preview-DD_OYowb.js                  3.51 kB │ gzip:   1.69 kB
storybook-static/assets/preview-B8lJiyuQ.js                  5.06 kB │ gzip:   1.88 kB
storybook-static/assets/preview-BWzBA1C2.js                  7.62 kB │ gzip:   1.56 kB
storybook-static/assets/preview-BBWR9nbA.js                  8.12 kB │ gzip:   3.10 kB
storybook-static/assets/index-CgfFrydU.js                    8.35 kB │ gzip:   3.28 kB
storybook-static/assets/Color-YHDXOIA2-DhZ7tDsb.js          29.32 kB │ gzip:  11.05 kB
storybook-static/assets/entry-preview-HCQBzgnv.js           29.81 kB │ gzip:   9.54 kB
storybook-static/assets/matchers-7Z3WT2CE-T3xScrR7.js       29.81 kB │ gzip:  10.30 kB
storybook-static/assets/index-DgH-xKnr.js                   57.15 kB │ gzip:  16.28 kB
storybook-static/assets/react-18-B5R2D0vL.js               178.53 kB │ gzip:  56.32 kB
storybook-static/assets/iframe-kLaXyjYc.js                 211.69 kB │ gzip:  71.58 kB
storybook-static/assets/entry-preview-docs-CzUtWQpz.js     247.12 kB │ gzip:  73.45 kB
storybook-static/assets/axe-BrPqr1Fz.js                    572.61 kB │ gzip: 158.08 kB
storybook-static/assets/index-AyJqhRyE.js                  662.30 kB │ gzip: 156.97 kB
storybook-static/assets/DocsRenderer-CFRXHY34-DPACKapK.js  894.25 kB │ gzip: 276.17 kB

(!) Some chunks are larger than 500 kB after minification. Consider:
- Using dynamic import() to code-split the application
- Use build.rollupOptions.output.manualChunks to improve chunking: https://rollupjs.org/configuration-options/#output-manualchunks
- Adjust chunk size limit for this warning via build.chunkSizeWarningLimit.
✓ built in 3.58s
info => Preview built ([38;2;181;126;229m4.31 s[39m)
info => Output directory: /Users/tiagor1204/Documents/PagueSimples/Applications/paguesimples-ui/apps/storybook/storybook-static

attention => Storybook now collects completely anonymous telemetry regarding usage.
This information is used to shape Storybook's roadmap and prioritize features.
You can learn more, including how to opt-out if you'd not like to participate in this anonymous program, by visiting the following URL:
https://storybook.js.org/telemetry

